0	0	11.3786575434356	-21.867443853397	3.315797750474137	85.48522558688357	12.472791549840895	25.431684894016364	-9.691899313874766
0	1	11.14550706219175	-20.127599320863954	3.3274296913948738	85.6562959204686	12.440520201637018	25.362697071326206	-9.685724141636097
0	2	10.861010537804875	-18.29915842781474	3.326784430564847	85.9710146003254	12.413721034264881	25.230184350102473	-9.217136346555439
0	3	10.402501221404787	-16.286984297061526	3.2262157513778336	86.84778528501894	12.664552350043882	24.582245203568263	-8.406990073379143
0	4	9.527815765926954	-13.590814894149753	2.8446598223777793	87.73548930739352	13.805926136544539	22.170600085377664	-5.497661718944601
0	5	8.64631598866505	-12.375829565137197	2.326584945140885	88.2402144597114	15.314176347769664	19.108156837378793	-2.30783519486014
0	6	7.4145629368965285	-10.84696165449201	1.7192164462976092	88.67908176876107	17.19628650746814	15.480121798474247	1.4645595746851885
0	7	6.800104858762744	-10.430345410412924	1.4847226307640191	88.1379957595475	18.01087216852788	13.912054190182202	4.162205763827323
0	8	6.60897038357779	-8.405120501548975	1.4717496181068883	88.86552042120191	18.230878280599697	13.78874547281428	4.267527227498228
0	9	6.332852157987022	-6.346605476717489	1.4657491809449754	88.68595731936243	18.22917706560347	13.745545953881427	3.6573655197358224
0	10	5.921317469479238	-4.136289086246608	1.380685220606832	88.5131742620751	18.145156002089326	13.768828691870118	3.091047223914681
0	11	5.4600525863339655	-2.1981145678765057	1.3605056805297118	88.02745704415133	17.91932556313533	13.900342177565172	1.565196948047514
0	12	4.572662587264282	0.893589242856892	1.7481388533239763	87.15958561142881	17.286892342766564	15.326381874377386	-0.9122787278164891
0	13	2.2391120806857936	7.690347332628428	2.7090518220100392	86.74135275551019	15.451629261428316	19.15834070307357	-5.467984129956221
0	14	-0.16041504726661104	13.774881121313445	3.683219923445262	86.66353557287586	13.603160126155055	22.879261871574204	-9.693154484521884
0	15	-1.5632297243635773	17.470366038632903	4.282735731724947	86.4367491030577	12.4918653823699	25.17617754206349	-12.753630041759774
0	16	-1.8145840693597675	19.351155359004505	4.379427802809837	86.19255845730295	12.189326688110494	25.641252465909634	-13.707753726436126
0	17	-1.7048998828673863	20.74570834338491	4.3226356514197155	86.20658513082184	11.871487308282003	25.69610950357819	-13.31168653974727
0	18	-1.524996727879821	22.527951830188204	4.246696486535967	85.7431204007483	11.571971966789798	25.663739576467705	-13.413348153849865
0	19	-1.8874635774853807	24.63091313844501	4.289277004746888	85.72943035353121	11.456975459786763	25.677002575584932	-13.34783447170195
1	0	11.550786202481737	-20.000299533776342	3.29624965153292	85.56535573928522	12.396845668691125	25.364270319068606	-10.104592374566124
1	1	11.40352129035857	-18.410606927923368	3.3150539106754784	86.0828311543503	12.35187335058944	25.310590782595888	-9.903332085198812
1	2	11.067422149255483	-16.274478958389764	3.3058860856695156	86.45827830919248	12.3698281810231	25.16498248867662	-9.597538821057777
1	3	10.778005438300504	-13.904298902343742	3.1708162824111983	87.30841390862899	12.68733778462539	24.247032376650736	-8.350000870179992
1	4	9.73362595740526	-12.26629259298239	2.7555776632830664	87.89547375849436	13.848587363437089	21.746230442483327	-5.245333664642132
1	5	8.496944090836969	-10.820644419687667	2.171914506290252	88.10811582739592	15.743473001698279	18.176552517076704	-1.6533022278120526
1	6	7.360365309700084	-9.885204486778903	1.6878423289327926	87.9759382774074	17.34467257235994	15.120948263071737	1.8156619381091477
1	7	6.749975633115197	-8.879470661871977	1.4846811199520407	87.87264304032607	18.10305041445047	13.93576630702708	3.530727605603735
1	8	6.428492147761347	-6.965980475527351	1.4400206269736882	87.93950616313816	18.191928565188654	13.788640304430682	3.614984329013443
1	9	6.0588864180434046	-4.718858606879463	1.4018174589727619	87.63332633513353	18.216175308588024	13.756934621665751	3.5210544077512638
1	10	5.693425897725872	-2.3804450688376635	1.3134119545856413	87.78400241759441	18.09168387636885	13.778233736520196	2.859240446277938
1	11	5.337423705154328	-0.8186066760482893	1.381559199830725	87.17178317263641	17.793262197132226	14.152521971158976	1.3983488120959127
1	12	3.9274305257507174	3.564620617905309	1.9796822488341885	86.97050470596334	16.716525104481768	16.4339042959876	-1.5030475676918162
1	13	1.2163814951879721	10.65446677036444	3.1099734782734956	86.72035324810184	14.639957424122304	20.729459850635084	-6.626126436221376
1	14	-1.0608123508907856	16.663507013313744	4.063515665028822	86.57714312681414	12.847513361499342	24.384291387871055	-10.465865693714687
1	15	-1.7137760296898055	19.235063271603153	4.355150859625375	86.58725479778981	12.143560763385134	25.569782194213882	-12.079844730058005
1	16	-1.7895421073125524	20.45015215798557	4.376897223751407	86.50963570144285	11.92887359273425	25.73890611342933	-12.513418614231846
1	17	-1.7682293641080007	21.926672938313715	4.328404134136582	86.3574306449637	11.742761906627019	25.741225249874567	-12.611059544057484
1	18	-1.8745076120851474	24.070193935835807	4.282241894285209	86.23296088450813	11.538238420416768	25.711060187280907	-12.948948334263168
1	19	-2.320676866498772	26.331588089643457	4.300705090940787	86.09594713796709	11.47876070495166	25.7536978899125	-12.655268680079871
2	0	11.847961739975943	-18.299280814984847	3.294468423543115	86.43724604473019	12.267517148523103	25.368717039330637	-10.402681200378344
2	1	11.65730615027376	-16.387718823928406	3.288179123174897	86.59173831784932	12.2301358486635	25.248693421326756	-10.121173247577532
2	2	11.420039342066183	-13.86556831896759	3.286310478838142	87.12291905259922	12.189480305432356	25.046217927739207	-9.623587146678815
2	3	11.043516126015106	-12.112987637155811	3.123740078658627	87.82864785621308	12.6110395876936	24.00587397917858	-8.127591206414479
2	4	9.583488790530359	-10.490899443722547	2.5853929212306537	88.01312043635222	14.296890172369869	20.747390252957256	-4.711847211224836
2	5	8.439670555723112	-9.672243637093922	2.061545577460998	87.84641717921241	16.115478668228793	17.458949118574857	-1.1982769796397004
2	6	7.13929244373908	-8.567097698384783	1.650569189000665	87.24876383938773	17.534792664678175	14.90712802392197	1.484516358687083
2	7	6.668096504675959	-7.475638926038359	1.4671187380349187	87.19358740349125	18.15548444581735	13.898070775024019	3.1067636927667506
2	8	6.2925406763347285	-5.010911383519305	1.4042489502575848	86.91078724904357	18.225239197659374	13.822944340181632	3.448683505748873
2	9	6.100094965830358	-2.697199736826033	1.3445127132541115	86.9865877727703	18.139108335679214	13.767454449434267	3.1607852129643743
2	10	5.938813087970603	-0.9664069118854559	1.3092107277853022	86.93089251779654	17.97263231979064	13.83032860856924	2.728952492478008
2	11	5.32307834668998	1.2678770235209642	1.5102645501209284	86.9208269427028	17.545112017257715	14.707515083609055	1.269204022333255
2	12	3.2672680528463354	6.590606218915794	2.328240411465457	86.85763889058977	15.965355001511547	17.794987291701972	-2.3817226213756464
2	13	0.2731859613423079	14.468252163935269	3.577900524418175	86.52121447418578	13.687176082699253	22.539709860292373	-7.773566977191067
2	14	-1.528425759466533	19.212386993536775	4.305066356576473	86.7179497681884	12.294337241348886	25.326474573138146	-10.594070220819171
2	15	-1.72808460849824	20.337542735365233	4.378820661845193	86.72674968152235	11.866535716587904	25.71261807813845	-11.303886548295033
2	16	-1.7307863550368725	21.81967178021196	4.3588904072417165	86.77558220307061	11.762538244661606	25.735631940052425	-11.743705855058508
2	17	-1.7713979181285426	23.779040884529596	4.343231416308702	86.90370914323219	11.684191603756549	25.73472939970885	-12.000419559398159
2	18	-2.120954377810545	26.197387388740708	4.32585384491619	86.78771414608308	11.502971328359367	25.73640651619227	-12.130304294861373
2	19	-2.534915412775291	28.61598530555869	4.298323090282829	86.45010027068915	11.614463110916262	25.74757830421091	-12.333283802067951
3	0	12.31541866951056	-16.21426810209014	3.3098713210695823	86.33759874091213	12.191246709868558	25.351032656709	-10.616389100974885
3	1	12.147424128465897	-13.962663211550522	3.300229530066058	86.94259979271564	12.16478677367727	25.16982848679515	-10.234080629878632
3	2	11.86509604889554	-12.13311463516466	3.277094300793619	87.8117668964063	12.149297328010322	24.911757125578955	-9.493270987549092
3	3	11.031150799825193	-9.90644217883295	2.978531955957515	88.0596632635587	12.992047975445189	23.235087419441577	-7.85013561807217
3	4	10.027188358536929	-9.344518225689477	2.465961962363587	87.93692347660006	14.80560113321757	20.026210812020455	-4.020599420632029
3	5	8.661603686207568	-8.568460829639442	1.9651465968504416	87.30121611587263	16.600267350511096	16.88561213619298	-0.8305724886397492
3	6	7.062300191401274	-7.239050033304027	1.5820219804521543	86.77014212432331	17.87658355048426	14.517238911101778	1.4398835292465226
3	7	6.5954911580103905	-5.407345497621787	1.4454858341594947	86.39465810064236	18.16392574575696	13.949218602222997	3.1371464876183746
3	8	6.293486456339849	-2.955336875518185	1.3492889528213097	86.36472763353399	18.08961933317582	13.827786057582674	3.225279934055458
3	9	6.174372089451877	-1.260165607972851	1.3274076876286023	86.37705216301191	18.006115907156975	13.787699003804299	3.2014361313472723
3	10	5.981631716769299	0.5615171243536474	1.3306826802977967	86.59312621795301	17.859751892585365	14.009055024795494	2.767851559564876
3	11	4.98392256168548	3.568971503345903	1.7273846086703646	86.74110975260741	17.058446596966665	15.54182166395449	0.7829492332787233
3	12	2.2865301976455985	10.611668796784711	2.8368706160171384	86.48410580960156	14.966203585666337	19.711293172860092	-3.7611556115739044
3	13	-0.3442702353197092	17.327194733273103	3.914428105316105	86.54368633090206	12.98350395273418	23.794522349621417	-8.21364523934884
3	14	-1.5876602008803329	20.395932900739826	4.371362608858715	86.49471689866671	12.008778680067952	25.55129841478138	-10.024847070766297
3	15	-1.6010801430919865	21.60169506132391	4.380564483461082	86.82273767348357	11.790046142511683	25.693193513037333	-10.590375658000955
3	16	-1.5945933619049641	23.570112665429818	4.374632739704551	87.01526413409405	11.707182381431439	25.69584395450166	-11.134138573738316
3	17	-1.712006419232749	25.687636301147467	4.38741902646984	87.05972697308337	11.552044988098668	25.713474694304143	-11.18953005279621
3	18	-2.1522765711469924	28.608061773807687	4.338667939503909	86.6863450999162	11.659729569804881	25.705386902798434	-11.651512996874768
3	19	-2.540285667710643	30.52250009332115	4.363137377301496	86.22104236232654	11.777623541622898	25.759317375996783	-11.521011629913666
4	0	13.20653898671667	-13.681321236933949	3.316954118176131	86.29931096234738	12.377163970938046	25.233948929899533	-10.601226944462386
4	1	13.753504300529858	-11.995587600480725	3.2425747710145822	87.39623876806981	12.683084331249706	24.954938240885934	-9.747615755745114
4	2	14.039337585579416	-10.368350491750398	3.160815881241995	87.71395420043734	13.078537194721513	24.582879434013677	-8.67147514414965
4	3	13.664295290544153	-8.99752039190686	2.863016865595646	87.7645882633202	14.233023825371852	22.788738022127898	-6.577634345191172
4	4	13.086525358451304	-7.918552987245372	2.4876921120849103	87.30953513641823	15.765939954613575	20.390089175691074	-3.5626856232139548
4	5	11.004090469456008	-6.636242170058631	1.9453159185402193	86.46276529212267	17.32468583425205	17.247493639226146	-0.5823397818297644
4	6	8.06080773440178	-4.952126488361116	1.538741972101131	85.86999448737049	18.093057431411662	14.713635464858951	2.106399239380334
4	7	7.107761966197432	-3.0589977284022245	1.3972256523049091	85.60559667535772	18.110554851627715	14.130834510771422	3.0729806967441715
4	8	6.760457083656566	-1.392140193404293	1.3222991681174225	85.58072255440118	18.042400146342807	13.879277708629006	3.484858301286827
4	9	6.53584453436667	0.45149353782147994	1.2849539197322986	85.96462324198042	17.911300872951543	13.871223120368988	3.824720489326339
4	10	6.314113776052356	2.5374898699720645	1.4357609008598844	86.62141179595538	17.54176893166364	14.487194547110802	2.6651667232771055
4	11	4.81431234321203	7.710721228645508	2.197882702389948	86.51699797345837	16.36625260104435	17.28084955065099	-0.5310777076632773
4	12	2.3952919707329947	14.276415989973403	3.221079691020643	86.65298446325777	14.426405309249763	21.15972007066529	-4.444748339834275
4	13	0.12988658090102184	19.506103732410836	4.068665857484325	86.40254495534063	12.715020154505027	24.421225977037725	-7.657129283516249
4	14	-1.0037296946659102	22.08212218963404	4.401812293891544	86.52210494890659	11.942782824905048	25.60548093572071	-8.977654524878934
4	15	-1.014291852028074	23.537972161415254	4.416792428795739	87.1825059350648	11.876655773528709	25.65599138048886	-9.697368760055603
4	16	-1.4250812990186996	25.44625582728411	4.429214652827698	87.43963036958313	11.767818447416282	25.669666803344445	-10.402628079010555
4	17	-1.7569835962293545	28.197670159051786	4.416365617179225	87.2664214092021	11.772444061484302	25.66641053042004	-10.818748081424662
4	18	-2.1844527920371015	30.5929683215916	4.3794133604892895	86.70935028664763	11.874117872970409	25.722531799930167	-11.113648306978895
4	19	-2.453059965855837	32.28744363757912	4.349386009465787	85.71119375189674	11.976342743048269	25.79140084861191	-11.00173366702322
5	0	15.672982656807742	-11.873170959215823	3.190383816026309	86.87874750898403	13.355949510679416	24.932018685367762	-9.310069697304849
5	1	16.859097721765455	-10.376589488986598	3.090432131466741	87.45382343026502	14.111251867410651	24.53509963883903	-8.146915062775719
5	2	17.439029434335218	-9.293606166506637	2.979425877050662	87.83945853040237	14.780795911035602	24.020161537870326	-6.9950841748366335
5	3	17.14305511975594	-8.18438350460666	2.6590177341999333	87.66481685330665	16.092085529464914	22.167706453278562	-4.479779218226132
5	4	15.84851404497011	-7.093951500074851	2.2814072720776606	87.09203032161756	17.32593760951331	19.80252635101546	-1.659978362183769
5	5	13.1669601980553	-5.726016032758345	1.8002396659344435	86.22276488226929	18.474937411149057	16.960876041205957	1.312902846454827
5	6	9.544366762244639	-3.776333033794394	1.5293188660254426	85.73641602338671	18.332392888282698	15.157610576484652	2.795462391494643
5	7	8.287292008017198	-1.9310374283813285	1.402171672638985	85.58379495261799	18.281191382228354	14.417184538339646	3.535493288644845
5	8	7.685785586688241	-0.02611332023103216	1.3488308484288045	85.66209993075574	18.042586598873257	14.155639271444976	3.7306159976157307
5	9	7.511855677769198	1.6681675830340583	1.3506706879693262	86.31440587687815	17.809820392061837	14.154700565368202	3.434199267300855
5	10	7.298111007627717	5.367082747694273	1.7139229546004313	86.96693532933537	17.524509133768362	15.47614145194739	1.6359229210039112
5	11	5.743990456681152	11.739006783418851	2.6505999134591858	86.78779757756902	16.112269908816813	19.090270498298594	-2.134277440642601
5	12	3.6166141103553313	18.1901599974708	3.636668156769626	86.69668786730915	14.214321047624356	22.83375264011694	-6.0491527114692225
5	13	1.7053947483742287	21.692599014094856	4.1791382610561065	86.66257674955217	13.050798435417281	24.862675606837985	-8.054769458180779
5	14	0.2907179504449404	23.60728528600167	4.374500409430308	86.94556558310653	12.364211931214017	25.52927430802953	-9.080679866133366
5	15	-0.1867799210810014	24.81595422979456	4.396313136073809	87.50759994682555	12.158371619394378	25.55608354792052	-9.715865705390879
5	16	-0.9588899995077573	27.593117961205962	4.402721918652598	87.80053275787787	11.997192167892756	25.560604856096727	-10.57928465036611
5	17	-1.3367194184209346	30.070464254244538	4.377667450580771	87.48344833062416	12.054953915342065	25.618317479243267	-10.940401793564272
5	18	-1.6284903652206058	32.13309137166942	4.335122515680264	86.4410227746238	12.150229852564388	25.68217464037696	-10.912719305403117
5	19	-1.996547540494388	34.232798796809	4.276760159865531	85.74774101743655	12.303123595407468	25.69695158535745	-11.150224428427462
6	0	20.681109727131265	-9.735642817471525	2.959301048986757	86.91636970169394	15.843232118789839	24.289231940702326	-6.898540159564474
6	1	22.275530016288375	-8.763002533995262	2.847770425617381	87.39889075597662	16.78542813190035	23.94400112755756	-5.787450547322382
6	2	23.669605333608104	-7.997375701625515	2.7094960748612182	87.65839221419259	17.7306811306107	23.47650708009858	-4.192528662416025
6	3	23.211107637673877	-7.251756687517974	2.509448604807268	87.34707970793502	18.49355933217236	22.286457259248888	-2.4331892969705406
6	4	21.947232450304046	-6.287908728544931	2.212977766570807	87.11392234786494	19.268688460725183	20.49020059234435	0.34365034262301025
6	5	18.33945513305112	-4.490879995132296	1.9286597040671998	86.29897151877564	19.309351914599713	18.681054922981996	1.8043270381851164
6	6	13.930585718572125	-2.5118679295689557	1.6442487986130923	85.74196650969483	19.01092850014777	16.629277963139845	3.345272190371108
6	7	11.679686827931336	-0.7470776376445915	1.5142958361566112	85.82888575568538	18.619745445385497	15.721737569285379	3.7079468349889693
6	8	10.312547268983696	1.026531341283097	1.4900820195646018	86.08503459702214	18.338709145551643	15.27495689825796	3.438267302242776
6	9	9.81645057799488	4.29228009647931	1.6761304706683462	86.6870392539369	18.12389652486885	15.667826769947798	2.451112324669144
6	10	9.71870496414682	10.061139832315819	2.21460270923036	87.23414874257459	17.623898016789514	17.69903019719407	-0.5191593431704058
6	11	8.722024013081205	17.59616906890589	3.20926514928851	87.3417311055635	16.163531642951966	21.49563652303509	-4.54226635611618
6	12	7.910702267204841	22.418643392968704	3.842688962125587	87.2621181855831	15.209885192133285	23.958932750803456	-6.98625015991984
6	13	6.120538761041894	24.324062146319402	4.143391231382749	87.25425737390903	14.305130573446672	25.004187954812984	-8.186494790853269
6	14	3.917760924499745	25.79236506096027	4.256269485841975	87.454476255533	13.543773365882442	25.30417368582944	-8.932305285790731
6	15	2.8209860883818023	27.167983739819427	4.303342794352719	87.9746496234196	13.186025261549705	25.363105996489665	-9.563217840719158
6	16	0.7828873134264284	29.822119718518866	4.328733078785103	87.38895660195922	12.646544207415527	25.447937433163894	-10.407708667962012
6	17	0.19019373593305527	31.632160730782292	4.310667258347728	86.81064259209369	12.568005707877697	25.528673404804017	-10.641751585450121
6	18	-0.10256694968731936	33.571443339633525	4.282434940569867	86.08420458997352	12.681632368336627	25.562805677543487	-10.759354483577507
6	19	0.6222333599278057	34.92157243603853	4.2335949473819365	85.2053483686497	12.927105531400674	25.550680184398466	-10.70942723801515
7	0	26.322751506546428	-8.378182989522045	2.674709914190997	86.82093964726272	18.637742394551836	23.64649009946774	-4.221651787397975
7	1	28.287632379940675	-7.954212520476748	2.5502398087144913	87.38277225356103	19.60587400378023	23.354584859859962	-2.8964537937590795
7	2	28.40822579922784	-7.876648586460008	2.5196640704689037	87.39889712097575	19.810530172272767	23.25882801288737	-1.6471186365380979
7	3	28.77692438695408	-7.0973711643930955	2.411518928731309	87.32843589412258	20.26124042954471	22.87777842351568	0.06634391049110852
7	4	26.918489618233554	-5.732222945857658	2.26595968921974	87.27781486834321	20.214672676286572	22.041521969550995	1.82347450218634
7	5	24.324756546670997	-3.8271968745579406	2.1150721081502066	86.43992123517096	20.300203183559987	20.781799331640627	3.1123438299757322
7	6	20.092590061493453	-2.041961502980549	1.9082491115573177	86.1708387640473	19.767203871361385	19.07661323892013	3.911370987654246
7	7	16.742687017774394	0.1931684396772408	1.8043392128704512	86.27912799252911	19.248474691088393	17.88399523538594	3.635955575309861
7	8	14.955116699549757	3.7213171493528145	1.90705290790823	86.66398752375419	18.920965676846034	17.621244719685645	2.4832676620749075
7	9	14.102743404219385	9.54099659794853	2.2615437228047086	87.29556419842795	18.491553962404065	18.513033174948788	0.09724915157687694
7	10	13.844100536547101	17.334678920666686	2.967029226825403	87.93989714732022	17.829149290811362	20.981220601984397	-3.816306759158738
7	11	13.538669489720009	23.273111716000237	3.6528077509436616	87.78434764758856	17.024731014531316	23.555800683896187	-6.725948474391059
7	12	12.550280031305855	25.481828971115394	3.937434815604675	87.7657504035106	16.31328499358271	24.613844299785974	-7.870780030942506
7	13	11.18029695641253	26.64071312550493	4.026200049012424	87.72706372899178	15.778779254359183	24.92820520879104	-8.453267558855908
7	14	8.857644128228149	28.327797154313256	4.1009332583168385	87.82283097317082	15.073646350514906	25.05616026776603	-9.130044608099361
7	15	8.432375004091922	29.868283247515716	4.070085963552983	87.99952820786459	15.023748337605738	24.960597546074478	-9.747750091637048
7	16	5.4643372402706945	31.84398819860808	4.128308915714737	87.15538253389276	14.175151339361419	25.124789574558108	-10.365137696935982
7	17	5.1397783619733	33.79590748701226	4.142326378701488	86.43683987508979	14.181083765819684	25.120808858915	-10.361700328910054
7	18	5.473160382250396	35.4693306699248	4.09523718203604	85.32003621933993	14.281489213816938	25.179684117537548	-10.239779020870843
7	19	6.7804667102247675	36.838054499106896	4.0809488903163	84.6982031756255	14.690660556715818	25.100530776495653	-9.760318280138282
8	0	30.075518515088813	-7.558027629886127	2.447405268655279	86.71623695868834	20.516610696267406	23.206943953018474	-1.966206413765415
8	1	30.27788613233716	-8.00391903285087	2.4542738115109564	87.17334471808765	20.507150074548683	23.19958010967156	-1.208838093174697
8	2	30.385721863081137	-7.699022340177733	2.40485236868766	87.45548020842611	20.599485187398194	23.215185297670654	0.029719123048240675
8	3	30.18009802112111	-6.8019378538619195	2.3538944167907214	87.45147650119236	20.723275681461697	23.067733516753194	1.1769759267282136
8	4	29.406692851492977	-5.223235705637229	2.317017288890722	87.305479884437	20.771377248449834	22.734192119260715	2.951818074625351
8	5	27.776263930640376	-3.3134970285672543	2.2575550120702235	86.84520912551234	20.752641564755592	22.06088196160669	3.1918803004988483
8	6	25.38596382905784	-1.3365511616863994	2.209839457278791	86.75780330401592	20.42721561851639	21.231275713940473	3.4301891356687078
8	7	22.58392775459195	1.9404827557454964	2.2597212347352764	86.86342359877894	19.984248431335704	20.50693181600258	2.4765905213070076
8	8	20.23282115892831	8.009021029840545	2.4930003490511274	87.3598290204364	19.47304501811618	20.60102421652893	0.12922884488120112
8	9	18.896300735738762	16.689713878850135	3.0250146092422403	87.95012662823596	18.92654897525584	21.886482467761358	-3.1888705218575764
8	10	18.26606533975087	23.946503067066654	3.5721269481498736	88.34286559247317	18.534284867030518	23.59723161800149	-6.548600023118332
8	11	18.261915164118953	26.560250631280823	3.792326612636703	88.32035436300434	18.147885837140688	24.39153954072417	-7.767818344151202
8	12	17.780225590674423	28.000039434947176	3.816445867850394	88.3059535901663	17.887754180428537	24.587190299002657	-8.250440347613777
8	13	16.477161516881193	29.23592170790296	3.8495849150379096	88.18785435514411	17.440902438333094	24.656629950559378	-8.65554970417666
8	14	14.422031072752038	30.897364899118777	3.8675496576790973	87.99979874870454	16.878070256984778	24.6341524881928	-9.310285282946351
8	15	13.77203013741075	32.07423729752592	3.88305787009009	87.77310641259912	16.689997362177454	24.59541173985753	-9.764369386176249
8	16	12.524015280445958	34.547457891320605	3.9405235547654276	86.9202907949293	16.28716813299105	24.600108755202697	-10.11864703639348
8	17	12.707900995497369	36.35404861288873	3.9442539346225898	85.70688150249595	16.333536758769917	24.61690107251273	-9.893026667891643
8	18	13.138677132665958	38.09012732104739	3.92934939067041	84.83670329739924	16.427719969376103	24.619811298578302	-9.487258599325544
8	19	13.816185096163217	39.343317830370665	3.9100896920742128	84.1665728362479	16.634700462987933	24.617683339785067	-8.987799172774238
9	0	30.755551285955708	-7.759829028301963	2.404828054553375	86.18015682102299	20.938646213470747	23.135226216671438	-0.6912447924324191
9	1	30.91077883986065	-8.182914849168533	2.367467873009416	87.05777039294016	20.746933867599644	23.194368270202858	0.4573417080280868
9	2	30.984999481041978	-7.652555020314702	2.35398862323203	87.46887021214893	20.806593745851814	23.222238809749133	1.430797619755018
9	3	30.930359696350145	-6.3723614272462985	2.363825669456608	87.38882942801773	20.84763164054704	23.214552071453145	2.7963585716422394
9	4	30.741497433404522	-4.595689775396459	2.355273316077711	87.57306825449965	20.940431097066845	23.11144617885877	3.473763800538759
9	5	30.28993570718511	-2.161040626150348	2.388743900602869	87.39718769667962	21.106296535507223	22.957195633692372	3.291403240020832
9	6	29.242906054044052	-0.11736887699444395	2.468266799912411	87.23359281662998	20.870606890586476	22.761321778555885	3.227338725081129
9	7	26.95566834927412	4.745611915605689	2.6317142677047936	87.41642685715149	20.489734763163792	22.650308588946633	1.5681618662191652
9	8	23.780492754152515	12.83590443916114	2.9777789592067427	87.74100387366494	19.828815508266732	22.88832539348528	-1.6386390515815599
9	9	21.115551143636203	22.455811614021837	3.4891206307739373	88.28408843889122	19.073275301191845	23.69654950153005	-5.772033854606003
9	10	20.72079828661014	26.57066751908141	3.733815238943843	88.63201147707105	18.890904130195487	24.348614611741937	-7.715864663940161
9	11	20.602774838866832	28.316381774747686	3.7552721824355806	88.62806123011103	18.709455305780235	24.481167891805047	-8.222971387635338
9	12	20.20199254391534	29.73120473414331	3.7337723743129683	88.32767048644828	18.595547551454604	24.48195061699904	-8.294404465874706
9	13	19.772891171315536	31.35054825933288	3.7095869393819756	88.07891790153575	18.411563481156765	24.388135456879503	-8.81507337228288
9	14	18.758321355195534	32.991011768250274	3.7105897548229216	87.62930334104732	18.204612528556414	24.326701782831933	-9.275750556696664
9	15	18.802299298763042	34.47798363366592	3.771030362238749	87.05955494990991	18.131230939998307	24.23358451425258	-9.562635741533468
9	16	18.694171209281436	36.44432272975847	3.7967121104055033	85.96495479421424	17.984643934308387	24.226030584390305	-9.578140804099524
9	17	18.64156139603561	38.20907593479876	3.830351555462307	85.09501586094828	17.96914566750821	24.202691011457535	-9.121651697392057
9	18	18.73780506786724	39.76588543552589	3.8083232055211798	84.28132903050609	17.97657686152864	24.24708214666454	-8.722030677998447
9	19	18.495748933824494	40.80582519727782	3.799742251142574	83.69682000663022	17.86538663274865	24.333386976081087	-8.250273301089667
10	0	30.969286195059976	-8.327731405109754	2.3486414038827315	86.52414899583385	20.82027021603384	23.16300585856407	0.8080998329144959
10	1	31.084002073429467	-8.35530105782022	2.325195258737324	87.11172614187583	20.669477968245694	23.23158719886877	2.060236246437068
10	2	31.25550873043053	-7.175213052711135	2.345073983136824	87.36162252477337	20.687849720722628	23.25132922559474	3.3652747061279933
10	3	31.328399789612316	-5.471707887002054	2.3561219170298506	87.71374732746582	20.77167062602898	23.25013386932975	4.141023618805629
10	4	31.41578753339774	-3.468888831938411	2.420435121818612	87.56359583529046	20.941863609656366	23.226727119267277	4.146343898618787
10	5	31.034366263659567	-1.1416470051231993	2.499208760729049	87.67330159165786	21.051331664937297	23.178275703138357	3.6805172281111496
10	6	30.237614529396247	1.2155240429543166	2.5557166956616317	87.46900506991354	20.946559854374563	23.128564218920946	3.1188256031654538
10	7	27.75370377377434	7.563512909603174	2.8166382067613234	87.64200538291789	20.49315144936963	23.215707153437258	0.7013022119344445
10	8	24.26073831013735	17.21221182478611	3.2485127550921473	88.02230566688003	19.63195556569935	23.581613039595307	-3.354247772133616
10	9	21.693474553638303	25.36357283981338	3.647615604465462	88.23588875340367	19.018969046826673	24.156537463297646	-6.95114221697585
10	10	21.442071678021016	27.869185339499175	3.747467613690322	88.49518027044323	18.8698014215463	24.429814935302694	-8.054322208937013
10	11	21.176817180330442	29.54696474183682	3.7393000379580297	87.99821535250375	18.768674640244704	24.428502477523015	-8.224791878243934
10	12	21.099723691065734	30.986975971487805	3.6963675888298004	87.76005227818575	18.736103175574552	24.31466357883034	-8.494698301842877
10	13	21.04296863419441	32.671047735608056	3.638240320520707	87.69619651256036	18.728214944298117	24.237771336061087	-8.955859908274945
10	14	20.67448952787871	34.39768607546406	3.7194746161273136	87.25423708468442	18.707325499647926	24.082948758302518	-9.2717188937139
10	15	20.88942857572972	36.25199727699325	3.748138525533527	86.75671564699708	18.600955229408896	24.051317885577514	-9.87454199811453
10	16	20.698806468799145	37.90978245828602	3.7864565073931353	85.64249946387444	18.494845512306647	24.083555455238926	-9.352641379867356
10	17	20.59739880550947	39.38096665615169	3.782692248906255	84.62152089810301	18.51356825090431	24.005942844413735	-8.70047138898953
10	18	20.16063720865278	40.85958105613782	3.780814781851276	84.25296809771278	18.33973569396942	24.09514414088653	-8.462341927101305
10	19	19.65520743568022	43.85344325811438	3.707756508558531	84.28229633175232	18.119051251495264	23.697237768880374	-7.991410507928987
11	0	31.281162012229096	-8.15827591280026	2.330846820044505	86.56447608445549	20.657315039892172	23.19993993911959	2.771663531282053
11	1	31.490456745292235	-7.895507623709606	2.337924476995039	86.98156889064937	20.55215691078894	23.242815701599298	3.8983174084737615
11	2	31.672819459610793	-6.342476970173782	2.340828491363005	87.6119175647405	20.57983863199602	23.24864697627814	4.650814670744996
11	3	31.745407833377687	-4.253952968865757	2.413875559442688	87.52627754478074	20.76454531080092	23.284737130349427	4.710458767882594
11	4	32.03958642300303	-2.342306536183981	2.4963722839168616	87.43377802299287	20.880438382697307	23.267935242754447	4.400963675100075
11	5	31.772727480918455	-0.16032430252132385	2.537392810116261	87.66037127763579	21.06831591773536	23.316455485793178	3.7295355207329495
11	6	30.798375838809886	3.0335181902653554	2.651979105717504	87.31880453799201	20.934233639697567	23.390681644599873	3.0099985474533812
11	7	27.892319448660274	11.129896950949009	3.0242801279486082	87.69138892612263	20.27503086457653	23.62132583328082	-0.370185164153417
11	8	24.35888417771045	20.89400741046367	3.435080585182352	87.78437604519154	19.48177549940195	24.02562953560295	-4.691386432022408
11	9	22.224052302118917	26.674505605176854	3.7080244489384144	87.9411825902194	19.0177192723765	24.316663564157544	-7.339989213804506
11	10	21.795901572393085	29.111086433055643	3.7404574491414264	87.84874295526487	18.859140619759703	24.40725132617382	-7.78726367092667
11	11	21.51972351129116	30.58887219253414	3.7219011098965002	87.57336261225795	18.803010478023296	24.308496529499255	-7.9960636284503135
11	12	21.51881751424376	32.2897800020922	3.6849759096239034	87.358394538133	18.8100998860989	24.185416825960843	-8.311698954518244
11	13	21.4488667593429	33.85110514294139	3.6931825601329162	87.32348350011823	18.84384266628529	24.118465067928398	-8.676259053851519
11	14	21.69697853747166	35.92410476971406	3.7351823990787856	87.13471583814825	18.876461223874287	23.99969307125654	-9.126111287470936
11	15	21.93127599659428	37.50963549467471	3.7823835458003847	86.74079491654597	18.80560990746369	24.024280766283866	-9.380154161697721
11	16	21.94277507859983	39.27732380122623	3.840393584485154	85.7508174919167	18.655502950453407	23.9838643397026	-8.932028068643067
11	17	21.62174821207757	40.58590723517001	3.8020985585266165	85.36879871979328	18.614576341954738	23.963262270557816	-8.43048034802903
11	18	21.172434928115162	44.63724533439281	3.6263113536808684	85.0978168490388	18.284617902026703	23.240116267415623	-7.779151108192628
11	19	20.97524936334036	49.91073132611756	3.335544392255354	84.99465152104611	17.79660775458621	22.048878411354476	-6.680536534277039
12	0	31.5769052339498	-7.775514398232335	2.3447451892898594	86.68078268505717	20.569811220476712	23.221803294406453	4.1915522562939085
12	1	31.96755221803126	-7.343150548440015	2.355517839437537	87.00997099669299	20.38852702302339	23.248091402754703	5.486583454405819
12	2	31.941697339138212	-5.14893136283729	2.3960427876864068	87.47257013151442	20.572197862503216	23.305725312799026	5.4139449391375924
12	3	32.10367401098786	-3.0463257911370096	2.4703636766878794	87.49784171026347	20.740910516616616	23.285123439164185	5.217646810022355
12	4	32.30562578774977	-1.4470131717602035	2.511874079413505	87.56808094960144	20.936304256138495	23.2616712499579	4.861336297344432
12	5	31.864971408531012	1.4135406026700315	2.5737173627596563	87.25015184956148	21.123496670232267	23.34946245237766	4.199933565045532
12	6	30.27176624880142	5.432682771342708	2.732746434658256	87.23637269281727	20.64574717676446	23.269166414159795	2.658539527820901
12	7	26.73348417574298	15.198851824984676	3.0986250777582622	87.51996643124163	19.706944256945444	23.12207439041715	-1.6423179379004509
12	8	23.79805694841115	22.921276614471033	3.3917274388998426	87.69090797039051	18.9782989142142	23.230235040733227	-5.149964323999585
12	9	22.07210736438017	28.464494783394898	3.6229466681615428	87.48102374228208	18.667328104915573	23.67301111785216	-7.172965000566019
12	10	21.84636881189511	29.964910040923602	3.6568462805802335	87.27034231002071	18.69500346398977	23.897870404130963	-7.4794824041999775
12	11	21.660110202214387	31.713104191139106	3.6817183791469374	87.01765715232177	18.832352254518987	24.067212352126525	-7.522829091719821
12	12	21.592407216032576	33.32456838930557	3.691030122969592	86.81896865442545	18.843719676786293	24.12720053254532	-7.777505608921261
12	13	21.77269083940474	35.399856277015274	3.701435059483864	87.06467587918232	18.855176177510128	24.076358949367133	-8.123445951747595
12	14	21.928080319441356	36.86224364198268	3.736277704890374	87.03858970728582	18.84655751909211	24.054587782447516	-8.426632518611456
12	15	22.058227827417788	38.934603993912596	3.7775811072365406	86.89977531271624	18.78158988513226	23.946674474377375	-8.464390221565314
12	16	22.05745518315627	40.587470988338964	3.79184353410593	86.35286757841844	18.65130975470643	23.89440828357417	-8.3715320321951
12	17	21.639597508578586	45.21891271639838	3.585068398934691	86.19903746804832	18.300910531850338	23.013573372561012	-7.350042131869277
12	18	21.12186885029522	53.24275499136834	3.1290086626205613	85.8508949098955	17.566652414479957	21.151451587949243	-5.9197753992441315
12	19	20.877241889791833	61.717930324596956	2.6537349655631703	85.9571901115016	16.7904236949128	19.194476531168284	-4.1442577411022175
13	0	31.67558874065504	-6.834070672379076	2.3662252016420795	86.76368206811301	20.373176395071788	23.125836055225346	5.446201517947986
13	1	31.97301876636912	-5.88984859674232	2.399185902467077	87.0382907040648	20.30075418331771	23.17141089641503	6.204899999971939
13	2	31.98852647813758	-3.6696048667044976	2.464512446920826	87.39170875396194	20.45500339424993	23.188722601207065	5.9359250245567665
13	3	32.0358970804167	-1.875456449867266	2.497219645035544	87.33427989587504	20.622631722438868	23.156617037810637	5.560198108235353
13	4	31.525763885186073	1.0363591909748406	2.527563294036239	87.3753108084312	20.443378758793223	22.66477810380305	4.994806563826092
13	5	30.43052328023388	4.292588004985324	2.600992519927746	87.2981457234437	20.10526888191443	22.24850784077906	3.8749316507151117
13	6	27.704054940181702	11.341775579858185	2.780902881099255	87.26335646926384	19.23050614376807	21.541798878472353	1.022537904725604
13	7	24.677510153974794	19.307733206260835	3.0175956984886283	87.42205654393003	18.28277080069424	21.059601012565015	-2.3451335046713644
13	8	22.44799420202754	26.645579817544547	3.3397781934870108	87.11081964877307	18.046123863411296	21.834335182640245	-5.506594136632635
13	9	21.93047039175607	29.320253056446024	3.509163712351097	86.67791649643694	18.219749880234115	22.696637267859344	-6.503800740167388
13	10	21.906217912003992	31.153426707443714	3.5888693597342716	86.63106172375676	18.573482090508094	23.423720726166234	-6.771712554720575
13	11	21.8359209390078	32.76125065244085	3.6748003684428885	86.12632898637223	18.854495824070597	23.91107084219852	-6.772554727759525
13	12	21.79653136864827	34.67007166777328	3.668237214885654	86.72597115091627	18.859228651137993	24.023773124068818	-7.179525663905578
13	13	21.957655123195007	36.32853942382855	3.6931836647505043	87.18585129286603	18.81332696612038	24.03448723571442	-7.526242170729263
13	14	22.08604005055829	38.40503120825692	3.7190396320655883	87.39637069756644	18.86448843649349	23.90780373982751	-7.589559271552336
13	15	22.23910594362101	40.37803526463884	3.7351089790942984	87.44821333627401	18.747944787324375	23.810757851243768	-7.700495093051575
13	16	21.917597121845358	46.03594168200248	3.5122636224322754	87.13622994593099	18.30744905653152	22.722401407824155	-6.997916671243471
13	17	21.44350799848737	55.78153621140256	2.9656150065735414	86.89010194026586	17.432668480864045	20.47863864061246	-5.33157101250965
13	18	21.03654919429011	67.0500920101754	2.3458211471466073	86.7559726515784	16.452005847165807	17.85301636279409	-3.3031588558606253
13	19	20.892844536247686	76.39901313229237	1.8584079786745122	86.50109225523279	15.658464707672735	15.704147691706728	-1.4060952285943296
14	0	31.515645056190206	-4.75311436590967	2.418930685187297	86.35034477473403	20.217996422887094	22.825530031926153	5.781538661968144
14	1	31.46174436375136	-3.318928795604911	2.4471069280996183	86.78884476708494	20.019328051040354	22.61979391784272	6.137054638153129
14	2	31.410540636073044	-1.2321932035623682	2.4723806049680532	86.89759345369481	20.06943353021753	22.512649525716068	5.822259460882614
14	3	30.491630337711005	2.3036071370342106	2.4948780866190896	86.87293211106105	19.59692300657627	21.69440423149383	5.183560930959573
14	4	29.379849815230592	5.565826489021476	2.51117424445554	86.94824144292066	19.02079565808782	20.68417463472427	4.303887024082913
14	5	27.22695832715255	10.802227764535518	2.586682603372704	87.21285423286065	18.06255003438867	19.4657297232352	2.5087638155502705
14	6	24.741858895693714	17.534620170494883	2.7253565533642745	87.3194540211695	17.17826509235347	18.712688759214863	-0.13857153082207563
14	7	22.45932598549639	23.898723596758753	2.866003906104251	87.78526046986923	16.384791900340023	18.306803951784243	-2.71686352575866
14	8	21.863217512358876	27.684852385837615	3.0866844212700686	87.29605598951362	16.894566673849397	19.643044557463714	-4.4205178797598546
14	9	21.72344887842197	30.103980720629377	3.2866451619592	87.04446376826651	17.588614166363246	21.229115439766996	-5.221679203787868
14	10	21.67086302173558	31.929966801422474	3.471882624804098	86.67379990714794	18.193276204756927	22.669149851425004	-5.419901765102127
14	11	21.761495561345914	33.90290559274353	3.609250610362561	86.47763500219354	18.596786936705733	23.470950852513276	-5.915443387741375
14	12	21.8869968416649	35.636828162824884	3.6397314832279237	86.85976570325671	18.714595957139114	23.761332496542845	-6.055059485590021
14	13	22.054326249810398	37.91599172340616	3.6473290390086617	87.30201849363239	18.658567035894883	23.61172501730924	-6.343417914572421
14	14	22.222774214884346	40.57407684142051	3.64926214858351	88.26108532379074	18.66334579145335	23.527937288514426	-6.594626946460395
14	15	22.11092819611417	47.347620616243844	3.3889162469738356	88.45060276519132	18.171458059849535	22.244914037890762	-5.9551541774780326
14	16	21.640264090095613	59.58517202307618	2.7368869854020685	88.14323600447385	17.146524751105044	19.561306791940968	-4.3351843450299326
14	17	21.15664936946084	70.29564312616208	2.1277471877454217	87.77018325920332	16.229074968584722	17.044754336804765	-2.414913197350599
14	18	20.81383849842873	80.29240840057348	1.6051044711852778	87.15629135324077	15.362051606596918	14.721855885578158	-0.6165804486455511
14	19	20.91558867073337	84.3804012100809	1.4781492587622684	86.42589982956167	14.986228586294795	13.96955740365614	0.10629526809865934
15	0	29.921059146339395	-0.5928884702696623	2.4701889397574703	86.11468155660296	19.252972616995	21.528002468356274	5.76816851862746
15	1	29.629403391725123	0.9758395629503196	2.4815280792674663	86.3477855639703	19.012609780127235	21.143161258016708	5.8641194635487786
15	2	28.68095682341947	4.717400209638373	2.478321596474273	86.57384489228352	18.456993100099307	20.224358432641882	5.303160719522409
15	3	27.417646295848783	8.362487270769616	2.488113480801801	86.6527976397101	17.74477863483117	19.040601083591486	4.40846063957912
15	4	25.83805889094352	12.51028343679156	2.487556125580911	87.05097923305472	16.725002472499657	17.54300145937823	3.1234374912538994
15	5	24.221967703878924	16.64271273121152	2.526358832161515	87.39839751204127	15.882125361658314	16.49714009332192	1.4709565475945467
15	6	22.54371189141295	22.02457554036057	2.5597949542188734	88.0383508674986	15.112286682358924	15.640255230614033	-0.6283935286139437
15	7	21.769719125487867	24.96631630157246	2.5800740770625947	88.03379003333353	14.995578225539557	15.706376099566171	-1.9720360023997587
15	8	21.687466876948022	28.28800156578211	2.802005850246431	87.87796009592448	15.935814478584131	17.569337242293226	-3.263206146061195
15	9	21.57752004904282	30.741057029524065	3.10283022998834	87.25836760356333	16.780142594987268	19.642564379413358	-3.7965041629752343
15	10	21.600138282569876	32.42737793664597	3.3188622939397416	86.72479617239438	17.415035980539045	21.149829674352187	-4.429587880753395
15	11	21.61614137759951	34.467757023170655	3.4561622416424775	86.71518926246597	17.856149721745034	22.084188796253905	-4.608422606296177
15	12	21.75319015040329	37.10359320291235	3.5063442351543967	86.73370070964518	18.058826748569032	22.583677942580593	-4.637332127981331
15	13	21.926546659319023	40.7755780649042	3.4358536712814605	87.84627685791953	18.129642786670647	22.44282977223286	-4.935279341772777
15	14	21.804257676717935	49.22787824899586	3.117414249777277	88.663389106028	17.812864359224687	21.090946573862347	-4.369321668561628
15	15	21.57106614369717	60.79228011644936	2.6086278457607954	88.80061965347365	17.07308271335098	18.984661888653708	-3.319133845504305
15	16	21.116760324722268	72.14906801771153	2.039259820164911	88.55225584815945	16.193193878321242	16.55344227350669	-1.9749329386210832
15	17	20.66850348543246	81.82088080841218	1.5596427289780173	87.88138201760046	15.419778058068347	14.41588963837296	-0.5233926713006085
15	18	20.38544247012579	85.29001435872527	1.423500990214496	86.93166119928019	15.200608718867144	13.862775042903968	-0.009670347341373618
15	19	20.695783611357196	86.14477489161673	1.4841206794267565	86.41999948552123	15.062374764263392	13.776570364155488	0.36603392799354906
16	0	26.777984571340994	6.689197988196254	2.477594204640836	85.34460249437244	17.390603872547977	18.691520569628082	4.920399353510968
16	1	25.73477120497623	9.364703432973952	2.465463342673703	85.38524270046359	16.721453089935853	17.66487671561158	4.718110387501364
16	2	24.5700866004261	12.703932429198414	2.46382353740161	85.4821528065115	15.998718823089268	16.522157171617486	3.9765320141161826
16	3	23.66752146794765	15.90900491571285	2.461871834528023	86.12816459444774	15.21294361604266	15.43043487747768	3.1691287847693497
16	4	22.834866852385083	18.296619219639943	2.4476562681618033	87.19201171713215	14.471095034660172	14.614726829903814	2.058653148683849
16	5	22.291846242112502	21.302645563898633	2.4487417439940184	87.74155103427054	14.176422996919268	14.108829041420732	1.0965439323254766
16	6	22.031708884521912	23.87795552348416	2.444584207193695	87.98980458908403	14.098821819142968	14.012488674197895	0.2465674078731933
16	7	22.031927385533116	26.12781837243907	2.4434692347323494	88.23311880899557	14.210454836990746	14.470658740033405	-0.2337227182459708
16	8	21.78585845245893	28.7293083933979	2.6744603667173	87.88442361742645	14.965173836921828	15.963759003837893	-1.0719138417147154
16	9	21.535990665956177	30.923941968948867	2.909468901971886	87.3354736965307	15.662551726178508	17.46024153577476	-1.670743866455608
16	10	21.5444206692644	33.04195885656225	3.083793221578341	86.91438710939471	16.113106047636528	18.60087458212667	-2.1389068643806213
16	11	21.528743537559308	35.74322074029358	3.2268871118692855	86.90587199808552	16.70289395777517	19.73488807179535	-2.6903466683743185
16	12	21.732924576428392	39.70425510735088	3.2202211540380046	87.4934630687427	16.94423788502182	20.138974693738064	-3.0126275997175167
16	13	21.921953447383824	50.149388770290926	2.9080293047387378	88.68848202100584	17.10909714167495	19.67608764848712	-2.8114824851346567
16	14	21.917663835361502	63.573343754286185	2.3574847858716867	89.4835395468735	16.452315967595858	17.610351165425808	-1.6746810286911207
16	15	21.533651490514472	74.5707196073147	1.8584666802367478	89.74877752604922	15.953092561889544	15.736056953937197	-0.9288015237213979
16	16	21.04911815314489	83.0956403978879	1.4866174380275063	89.08088195894227	15.335148868343097	14.086182531960883	0.06919658032264028
16	17	20.789357823712756	86.0581485110109	1.4012465164460923	88.10236636223571	15.148754637669752	13.739281992126132	-0.28309880773794427
16	18	20.711403390299388	87.34158458339272	1.4111332468750144	87.46708385901752	15.157185532536053	13.728205884981282	-0.15106876958665286
16	19	21.026643592587458	88.74939720289517	1.463350042588621	86.87295736858098	15.06889975285805	13.754702512693672	0.3455029139216986
17	0	23.161732238659724	13.932457045414713	2.456606187101719	84.51912928680454	15.352656198238224	15.494973354814972	4.117431542306268
17	1	22.459972032059987	15.749186563793574	2.438445047292277	84.60025284546099	14.87149511042348	14.805451632750978	3.9418105320597294
17	2	22.34157324277668	17.890206225066564	2.447040776672174	85.26706072641065	14.472681340616198	14.254740900540313	3.301483412502138
17	3	22.157453225966098	19.476979893440475	2.46154715371667	86.0569784446597	14.138974843278376	13.82927833030066	2.6180822376558908
17	4	22.090308778529142	21.305509937421053	2.43135661060459	87.28514896910882	13.828186997784933	13.633757059586099	1.950503592695571
17	5	22.08966334974607	22.972078270108515	2.4436755090662494	87.91327628301255	13.713143079422277	13.480325556426907	1.5509246038067601
17	6	22.15470832831667	25.106276040935523	2.39522405794896	88.21332897704843	13.729033891509355	13.485279444559218	1.1933185103830597
17	7	21.986013278086805	27.35235554341809	2.4032124718803622	88.55465307736398	13.903523221264955	13.90279069192894	0.8646205901263107
17	8	21.61875062150695	29.334533597786816	2.539927814545315	88.17441198899186	14.07196456620989	14.36258637645225	0.70915570011596
17	9	21.368852898131514	31.81751722887679	2.750414553407456	87.6697566186446	14.5406623589255	15.420337688431262	0.2764299819272734
17	10	21.256341759179275	34.01468888199772	2.857374161209402	87.25813523560134	14.880957675738705	16.176804472574638	-0.037654006643723814
17	11	21.375543274074428	37.88395974984538	2.909617174136771	87.42120828360318	15.476078407902136	17.176194568238625	-0.5910778465434267
17	12	21.649775374764243	48.192014584618896	2.688193988236398	88.40952997372572	15.879448348714739	17.35585993696211	-0.6784644594212996
17	13	22.05813329494371	62.87750751281842	2.2202888043728946	89.50355816778864	15.865901224403306	16.50472764909838	-0.17694611145450445
17	14	21.827693693861807	74.39181408631211	1.7830837452151684	90.22380597595938	15.63358126645105	15.138447613723368	0.10243131467476782
17	15	21.183526015838066	82.45064188072132	1.4735254408411025	90.09357966896188	15.37113719889874	14.023659374712315	0.45834946809475396
17	16	20.97702854480557	86.07029584822314	1.4018542705125978	88.9823668910612	15.16812205242071	13.701390890496533	0.12964447628077416
17	17	20.89401499586373	87.50096042600053	1.392248306625436	88.44273582912723	15.140671564179685	13.699042015587187	-0.286417715960415
17	18	20.996241588641794	89.17647546071488	1.4159998718819462	87.77110620681168	15.111934576916061	13.754522729536665	-0.05523186798736699
17	19	21.23336538231081	90.16801634228969	1.486254496294685	86.99390814353276	15.109997271984861	13.82295966125809	-0.1387387834531595
18	0	21.064013020954867	17.796655336124143	2.467338977734719	83.99945627107186	14.11948627309371	13.655687388018494	3.7680712356932826
18	1	21.445310380634947	18.812811664765636	2.4368110422139413	84.27044591530324	14.069983494228584	13.537362621476206	3.4177189301655093
18	2	21.776087581318325	19.942058822510994	2.436081054880986	85.2023625346388	13.964039966337523	13.423384016625855	3.0166242087330017
18	3	22.018415643211252	21.20532203453298	2.4408962482324976	86.18374935598676	13.769951293711115	13.369828808320337	2.6546573013129313
18	4	22.264612328231493	22.907299418393254	2.444505119452991	87.40873111943887	13.590780885520788	13.316900111084621	2.196101751809271
18	5	22.33218240326536	24.405800085507142	2.4098145873418697	87.75541241737103	13.605449186650448	13.356684813871619	1.9587813829985101
18	6	22.24110076819141	26.58876952660454	2.401071764953153	88.144783784761	13.661639510554059	13.41320710600732	1.7753380598825663
18	7	21.968638396358347	28.40933797045167	2.4341096332587266	88.16867409209578	13.672767398016846	13.532687881993088	1.649650650159791
18	8	21.574692947765584	30.580022961301136	2.523981986512658	88.02349951458605	13.661094058095006	13.660004610056552	1.6337718736880626
18	9	21.0914247361068	32.25081727299752	2.6814560563496177	87.36527367777245	13.788959304190259	14.003211875620973	1.2252078545630332
18	10	21.32066400599116	35.48609921020233	2.6840966768487324	87.21833732032225	14.078993818313833	14.468885520939708	1.2234999696705078
18	11	21.473132125622804	44.17572434036151	2.5170296961855985	87.99981834433035	14.500992264541967	14.883308408226158	1.304719070158245
18	12	21.881719414870375	59.2968878989765	2.1008180799847884	88.86308215594877	14.850606499006943	14.687190282647908	1.3379561433605265
18	13	22.112136930837288	74.0804687101386	1.6395114575670198	89.97683228640743	15.09905299456275	14.092105376699845	1.4869214029861317
18	14	21.876601364357416	81.6675803266824	1.460873914350855	90.27050073375705	15.179672180547788	13.668773112459375	1.1306317876951473
18	15	21.344358711570223	85.47021938032175	1.3716656632810358	90.11863465036045	15.160179927161646	13.641123120931159	0.5331852435602846
18	16	21.03953183415148	87.55716572235049	1.3803472489443165	89.41586983239027	15.13830911771958	13.655767275576075	-0.015024011788649816
18	17	20.986514622151656	89.2936469389651	1.3871982734102013	88.77985367665654	15.11533411544881	13.738769136846969	-0.05660244478084067
18	18	21.217637858223313	90.67187318725456	1.3930893568833689	88.19424226614453	15.092537525295215	13.790227596904149	-0.2803761312587698
18	19	21.516134824187674	91.86732397339011	1.4280495448115782	87.87198235143424	15.070888268003236	13.839988593173695	0.17184583212180343
19	0	21.252062376351766	18.584244457901985	2.4499536850329218	82.9332214603416	14.103969920511313	13.335583436952312	3.5468905327066786
19	1	21.54153433504764	19.649153506530677	2.4311009336458875	84.08583317542448	14.017175089292541	13.35247685403709	3.2710715414314095
19	2	22.09627104394507	20.845861487586294	2.4293132524918954	85.2722047492411	13.847445042524035	13.342225834371774	3.0283513881698285
19	3	22.46064997198695	22.390312242059817	2.4225265100810653	86.26907610046592	13.703137438103166	13.242342742828082	2.8316090556851505
19	4	22.53545938967883	24.008317881558913	2.4043009008926663	87.1157283787244	13.614466536324702	13.293634869724269	2.511517834372062
19	5	22.649656707594094	25.98833376118568	2.3873739253547717	87.51321894336269	13.52093642283639	13.359430955680022	2.5441841325742085
19	6	22.367509279225413	27.751762668752896	2.4354062683509574	88.04463999137784	13.554072418272696	13.31566131429799	2.496229271823478
19	7	22.016703921622984	29.62289078990084	2.449555865623948	87.77012217111698	13.58897424414464	13.467786247897076	2.248511315081469
19	8	21.368305453317692	31.16209028504682	2.5170081694360062	87.64503740934579	13.55337712249514	13.460752108187194	2.038911607033277
19	9	21.136700923303348	33.26699820490109	2.585806659878226	87.37528108874372	13.551730923722715	13.334203201700287	1.9245665619662555
19	10	21.551855923639636	39.063720716831	2.504794141198022	87.88030602729005	13.75850826823112	13.60499432462193	1.9474145157065512
19	11	21.79343946479348	52.52159000704903	2.190216271786845	88.71600467371066	14.174007723044307	13.756516266553234	1.9306017178330168
19	12	22.16564426323363	67.9769072037524	1.767597425262913	89.76164213506804	14.664393243146945	13.77896388969296	1.925660677291239
19	13	22.352768883979905	78.6476456808828	1.5182614917736754	90.52098152116311	14.918451514182038	13.631316026156385	1.8324861287804934
19	14	22.0697132409746	84.37255314416181	1.388069868023772	90.4745331578089	15.0085812995959	13.636336559811811	0.9689315141631224
19	15	21.644642239949448	86.9339582830615	1.3261740732117333	90.55754172674844	15.076635671844679	13.599523762551227	0.43656674681020313
19	16	21.29084998350106	89.09468457697254	1.3737009156384707	89.57023463143712	15.01414683800571	13.695952146587405	0.32294685649222205
19	17	21.2181546877104	90.75035005732646	1.3606156088918075	89.12514590131487	14.994303785115608	13.79103770051731	-0.3751945514611873
19	18	21.613757878580554	92.19027944845072	1.3314418986375955	88.87800972806377	15.005293193717705	13.79215401332825	-0.29564697669093587
19	19	21.74339051430495	93.07221662016853	1.3847701330493254	88.35032494281805	15.041341077257922	13.903525407147654	0.8497785159057089
